<?xml version="1.0" encoding="UTF-8"?>
<!-- Generated by org.testng.reporters.JUnitXMLReporter -->
<testsuite ignored="2" hostname="DESKTOP-KBHQRAU" failures="0" tests="1" name="Default test" time="33.376" errors="0" timestamp="2022-09-25T23:24:52 IST">
  <testcase classname="testcases.LoginTestSimplilearn" name="Test3" time="12.951"/>
  <testcase classname="testcases.LoginTestSimplilearn" name="Test1" time="0.0">
    <ignored/>
  </testcase> <!-- Test1 -->
  <testcase classname="testcases.LoginTestSimplilearn" name="Test2" time="0.0">
    <ignored/>
  </testcase> <!-- Test2 -->
</testsuite> <!-- Default test -->
